This is pdfTeXk, Version 3.141592-1.40.3 (Web2C 7.5.6) (format=pdflatex 2012.3.29)  10 OCT 2012 13:57
entering extended mode
 %&-line parsing enabled.
**talk.tex
(./talk.tex
LaTeX2e <2005/12/01>
Babel <v3.8h> and hyphenation patterns for english, usenglishmax, dumylang, noh
yphenation, arabic, basque, bulgarian, coptic, welsh, czech, slovak, german, ng
erman, danish, esperanto, spanish, catalan, galician, estonian, farsi, finnish,
 french, greek, monogreek, ancientgreek, croatian, hungarian, interlingua, ibyc
us, indonesian, icelandic, italian, latin, mongolian, dutch, norsk, polish, por
tuguese, pinyin, romanian, russian, slovenian, uppersorbian, serbian, swedish, 
turkish, ukenglish, ukrainian, loaded.
(./uedslides2C.cls

LaTeX Warning: You have requested document class `uedslides2C',
               but the document class provides `infslides'.

Document Class: infslides 2000/11/28 v2.1.1 Informatics Presentation Slides Cla
ss - MEF
(/usr/share/texmf/tex/latex/base/ifthen.sty
Package: ifthen 2001/05/26 v1.1c Standard LaTeX ifthen package (DPC)
) (./foils.cls
Document Class: foils 2002/10/29 v2.1.4a FoilTeX Class File, Copyright IBM 1995
,1997,1998,2002

Class FoilTeX Warning: Option 'dvips' is ignored when running pdflatex.

(./fltfonts.def
File: fltfonts.def 2002/10/29 v2.1.4a FoilTeX font definition file, Copyright I
BM 1995,1997,1998,2002
\symflasy=\mathgroup4
LaTeX Info: Redefining \em on input line 243.
LaTeX Font Info:    Overwriting symbol font `operators' in version `normal'
(Font)                  OT1/cmr/m/n --> OT1/fcmr/m/n on input line 245.
LaTeX Font Info:    Overwriting symbol font `letters' in version `normal'
(Font)                  OML/cmm/m/it --> OML/fcmm/m/it on input line 246.
LaTeX Font Info:    Overwriting symbol font `symbols' in version `normal'
(Font)                  OMS/cmsy/m/n --> OMS/fcmsy/m/n on input line 247.
LaTeX Font Info:    Overwriting symbol font `largesymbols' in version `normal'
(Font)                  OMX/cmex/m/n --> OMX/fcmex/m/n on input line 248.
LaTeX Font Info:    Overwriting symbol font `operators' in version `bold'
(Font)                  OT1/cmr/bx/n --> OT1/fcmr/bx/n on input line 249.
LaTeX Font Info:    Overwriting symbol font `letters' in version `bold'
(Font)                  OML/cmm/b/it --> OML/fcmm/b/it on input line 250.
LaTeX Font Info:    Overwriting symbol font `symbols' in version `bold'
(Font)                  OMS/cmsy/b/n --> OMS/fcmsy/b/n on input line 251.
LaTeX Font Info:    Overwriting symbol font `largesymbols' in version `bold'
(Font)                  OMX/cmex/m/n --> OMX/fcmex/m/n on input line 252.
LaTeX Font Info:    Redeclaring math alphabet \mathrm on input line 253.
LaTeX Font Info:    Redeclaring math alphabet \mathbf on input line 254.
LaTeX Font Info:    Overwriting math alphabet `\mathbf' in version `normal'
(Font)                  OT1/cmr/bx/n --> OT1/fcmr/bx/n on input line 254.
LaTeX Font Info:    Overwriting math alphabet `\mathbf' in version `bold'
(Font)                  OT1/cmr/bx/n --> OT1/fcmr/bx/n on input line 254.
LaTeX Font Info:    Redeclaring math alphabet \mathsf on input line 255.
LaTeX Font Info:    Overwriting math alphabet `\mathsf' in version `normal'
(Font)                  OT1/cmss/m/n --> OT1/fcmss/m/n on input line 255.
LaTeX Font Info:    Overwriting math alphabet `\mathsf' in version `bold'
(Font)                  OT1/cmss/bx/n --> OT1/fcmss/m/n on input line 255.
LaTeX Font Info:    Redeclaring math alphabet \mathit on input line 256.
LaTeX Font Info:    Overwriting math alphabet `\mathit' in version `normal'
(Font)                  OT1/cmr/m/it --> OT1/fcmr/m/it on input line 256.
LaTeX Font Info:    Overwriting math alphabet `\mathit' in version `bold'
(Font)                  OT1/cmr/bx/it --> OT1/fcmr/m/it on input line 256.
LaTeX Font Info:    Redeclaring math alphabet \mathtt on input line 257.
LaTeX Font Info:    Overwriting math alphabet `\mathtt' in version `normal'
(Font)                  OT1/cmtt/m/n --> OT1/fcmtt/m/n on input line 257.
LaTeX Font Info:    Overwriting math alphabet `\mathtt' in version `bold'
(Font)                  OT1/cmtt/m/n --> OT1/fcmtt/m/n on input line 257.
LaTeX Info: Redefining \cal on input line 258.
LaTeX Info: Redefining \mit on input line 259.
) (./foil20.clo
File: foil20.clo 2002/10/29 v2.1.4a FoilTeX file (size option), Copyright IBM 1
995,1997,1998,2002
)
\head@footskip=\dimen102
\@foilheight=\dimen103
\@foilwidth=\dimen104
\abovetitleskip=\skip41
\titleauthorskip=\skip42
\authorauthorskip=\skip43
\authordateskip=\skip44
\dateabstractskip=\skip45
\@tempfootbox=\box26
\@tempfootht=\dimen105
\bibindent=\dimen106
\abovecaptionskip=\skip46
\belowcaptionskip=\skip47
\@captionwidth=\skip48
\captionwidth=\skip49
\abovefloatskip=\skip50
\c@table=\count79
\c@figure=\count80
\foilheadskip=\skip51
\c@Theorem=\count81
\c@Lemma=\count82
\c@Corollary=\count83
\c@Proposition=\count84
\c@Definition=\count85
)
(/usr/share/texmf/tex/latex/graphics/graphics.sty
Package: graphics 2006/02/20 v1.0o Standard LaTeX Graphics (DPC,SPQR)

(/usr/share/texmf/tex/latex/graphics/trig.sty
Package: trig 1999/03/16 v1.09 sin cos tan (DPC)
)
(/usr/share/texmf/tex/latex/config/graphics.cfg
File: graphics.cfg 2007/01/18 v1.5 graphics configuration of teTeX/TeXLive
)
Package graphics Info: Driver file: pdftex.def on input line 90.

(/usr/share/texmf/tex/latex/pdftex-def/pdftex.def
File: pdftex.def 2007/01/08 v0.04d Graphics/color for pdfTeX
\Gread@gobject=\count86
))
(/usr/share/texmf/tex/latex/graphics/color.sty
Package: color 2005/11/14 v1.0j Standard LaTeX Color (DPC)

(/usr/share/texmf/tex/latex/config/color.cfg
File: color.cfg 2007/01/18 v1.5 color configuration of teTeX/TeXLive
)
Package color Info: Driver file: pdftex.def on input line 130.
)
\c@section=\count87
\c@subsection=\count88
\c@subsubsection=\count89
\c@paragraph=\count90
\c@subparagraph=\count91
\foiltitleskip=\skip52
)
(/usr/share/texmf/tex/latex/html/url.sty
Package: url 1999/03/02  ver 1.4  Verb mode for urls, email addresses, and file
 names
)
(/usr/share/texmf/tex/latex/amsmath/amsmath.sty
Package: amsmath 2000/07/18 v2.13 AMS math features
\@mathmargin=\skip53

For additional information on amsmath, use the `?' option.
(/usr/share/texmf/tex/latex/amsmath/amstext.sty
Package: amstext 2000/06/29 v2.01

(/usr/share/texmf/tex/latex/amsmath/amsgen.sty
File: amsgen.sty 1999/11/30 v2.0
\@emptytoks=\toks14
\ex@=\dimen107
))
(/usr/share/texmf/tex/latex/amsmath/amsbsy.sty
Package: amsbsy 1999/11/29 v1.2d
\pmbraise@=\dimen108
)
(/usr/share/texmf/tex/latex/amsmath/amsopn.sty
Package: amsopn 1999/12/14 v2.01 operator names
)
\inf@bad=\count92
LaTeX Info: Redefining \frac on input line 211.
\uproot@=\count93
\leftroot@=\count94
LaTeX Info: Redefining \overline on input line 307.
\classnum@=\count95
\DOTSCASE@=\count96
LaTeX Info: Redefining \ldots on input line 379.
LaTeX Info: Redefining \dots on input line 382.
LaTeX Info: Redefining \cdots on input line 467.
\Mathstrutbox@=\box27
\strutbox@=\box28
\big@size=\dimen109
LaTeX Font Info:    Redeclaring font encoding OML on input line 567.
LaTeX Font Info:    Redeclaring font encoding OMS on input line 568.
\macc@depth=\count97
\c@MaxMatrixCols=\count98
\dotsspace@=\muskip10
\c@parentequation=\count99
\dspbrk@lvl=\count100
\tag@help=\toks15
\row@=\count101
\column@=\count102
\maxfields@=\count103
\andhelp@=\toks16
\eqnshift@=\dimen110
\alignsep@=\dimen111
\tagshift@=\dimen112
\tagwidth@=\dimen113
\totwidth@=\dimen114
\lineht@=\dimen115
\@envbody=\toks17
\multlinegap=\skip54
\multlinetaggap=\skip55
\mathdisplay@stack=\toks18
LaTeX Info: Redefining \[ on input line 2666.
LaTeX Info: Redefining \] on input line 2667.
)
(/usr/share/texmf/tex/latex/graphics/graphicx.sty
Package: graphicx 1999/02/16 v1.0f Enhanced LaTeX Graphics (DPC,SPQR)

(/usr/share/texmf/tex/latex/graphics/keyval.sty
Package: keyval 1999/03/16 v1.13 key=value parser (DPC)
\KV@toks@=\toks19
)
\Gin@req@height=\dimen116
\Gin@req@width=\dimen117
)
(/usr/share/texmf/tex/latex/colortbl/colortbl.sty
Package: colortbl 2001/02/13 v0.1j Color table columns (DPC)

(/usr/share/texmf/tex/latex/tools/array.sty
Package: array 2005/08/23 v2.4b Tabular extension package (FMi)
\col@sep=\dimen118
\extrarowheight=\dimen119
\NC@list=\toks20
\extratabsurround=\skip56
\backup@length=\skip57
)
\everycr=\toks21
\minrowclearance=\skip58
)
(/usr/share/texmf/tex/latex/eepic/epic.sty
Enhancements to Picture Environment. Version 1.2 - Released June 1, 1986
\@@multicnt=\count104
\d@lta=\count105
\@delta=\dimen120
\@@delta=\dimen121
\@gridcnt=\count106
\@joinkind=\count107
\@dotgap=\dimen122
\@ddotgap=\dimen123
\@x@diff=\count108
\@y@diff=\count109
\x@diff=\dimen124
\y@diff=\dimen125
\@dotbox=\box29
\num@segments=\count110
\num@segmentsi=\count111
\@datafile=\read1
) (./ecltree.sty
ECL Tree graph macro by isozaki, Nov. 12, 1990 + 2e FIX
\@BundleWidth=\dimen126
\@BundleDepth=\dimen127
\@BundleHeight=\dimen128
\@NodeBox=\box30
\GapDepth=\dimen129
\GapWidth=\dimen130
\EdgeLabelSep=\dimen131
) (./eclbip.sty
ECL Bipartite graph style file by isozaki Dec.2, 1990
\bip@len=\dimen132
\bip@box=\box31
) (/usr/share/texmf/tex/latex/fancybox/fancybox.sty
Package: fancybox 2000/09/19 1.3

Style option: `fancybox' v1.3 <2000/09/19> (tvz)
\@fancybox=\box32
\shadowsize=\dimen133
\@Sbox=\box33
\do@VerbBox=\toks22
\the@fancyput=\toks23
\this@fancyput=\toks24
\EndVerbatimTokens=\toks25
\Verbatim@Outfile=\write3
\Verbatim@Infile=\read2
) (/usr/share/texmf/tex/latex/ppower4/pause.sty)
(/usr/share/texmf/tex/latex/pdfpages/pdfpages.sty
Package: pdfpages 2006/08/12 v0.4a Insert pages of external PDF documents (AM)

(/usr/share/texmf/tex/latex/tools/calc.sty
Package: calc 2005/08/06 v4.2 Infix arithmetic (KKT,FJ)
\calc@Acount=\count112
\calc@Bcount=\count113
\calc@Adimen=\dimen134
\calc@Bdimen=\dimen135
\calc@Askip=\skip59
\calc@Bskip=\skip60
LaTeX Info: Redefining \setlength on input line 75.
LaTeX Info: Redefining \addtolength on input line 76.
\calc@Ccount=\count114
\calc@Cskip=\skip61
)
(/usr/share/texmf/tex/latex/eso-pic/eso-pic.sty
Package: eso-pic 2006/07/14 v1.1d eso-pic (RN)

(/usr/share/texmf/tex/latex/everyshi/everyshi.sty
Package: everyshi 2001/05/15 v3.00 EveryShipout Package (MS)
))
(/usr/share/texmf/tex/latex/pdfpages/pppdftex.def
File: pppdftex.def 2006/08/12 v0.4a Pdfpages driver for pdfTeX (AM)
)
\AM@pagebox=\box34
\AM@toc@title=\toks26
\c@AM@survey=\count115
)
(/usr/share/texmf/tex/latex/fancyvrb/fancyvrb.sty
Package: fancyvrb 1998/07/17

Style option: `fancyvrb' v2.6, with DG/SPQR fixes <1998/07/17> (tvz)
\FV@CodeLineNo=\count116
\FV@InFile=\read3
\FV@TabBox=\box35
\c@FancyVerbLine=\count117
\FV@StepNumber=\count118
\FV@OutFile=\write4

No file fancyvrb.cfg.
) (/usr/share/texmf/tex/latex/textpos/textpos.sty
Package: textpos 2006/09/02 v1.7a

Package: `textpos' 1.7a <2006 September 2>
\TP@textbox=\box36
\TP@holdbox=\box37
\TPHorizModule=\dimen136
\TPVertModule=\dimen137
\TP@margin=\dimen138
\TP@absmargin=\dimen139
Grid set 16 x 16 = 52.81541pt x 37.34424pt
\TPboxrulesize=\dimen140
\TP@ox=\dimen141
\TP@oy=\dimen142
\TP@tbargs=\toks27
\TP@prevdepth=\dimen143
TextBlockOrigin set to 0pt x 0pt
) (/usr/local/share/texmf/tex/latex/pgf-2.00/latex/pgf/frontendlayer/tikz.sty
(/usr/local/share/texmf/tex/latex/pgf-2.00/latex/pgf/basiclayer/pgf.sty
(/usr/local/share/texmf/tex/latex/pgf-2.00/latex/pgf/utilities/pgfrcs.sty
(/usr/local/share/texmf/tex/latex/pgf-2.00/generic/pgf/utilities/pgfutil-common
.tex
\pgfutil@everybye=\toks28
)
(/usr/local/share/texmf/tex/latex/pgf-2.00/generic/pgf/utilities/pgfutil-latex.
def)
(/usr/local/share/texmf/tex/latex/pgf-2.00/generic/pgf/utilities/pgfrcs.code.te
x
Package: pgfrcs 2008/02/20 v2.00 (rcs-revision 1.21)
))
Package: pgf 2008/01/15 v2.00 (rcs-revision 1.12)
 (/usr/local/share/texmf/tex/latex/pgf-2.00/latex/pgf/basiclayer/pgfcore.sty (/
usr/local/share/texmf/tex/latex/pgf-2.00/latex/pgf/systemlayer/pgfsys.sty
(/usr/local/share/texmf/tex/latex/pgf-2.00/generic/pgf/systemlayer/pgfsys.code.
tex
Package: pgfsys 2008/02/07 v2.00 (rcs-revision 1.31)

(/usr/local/share/texmf/tex/latex/pgf-2.00/generic/pgf/utilities/pgfkeys.code.t
ex
\pgfkeys@pathtoks=\toks29
\pgfkeys@temptoks=\toks30
)
\pgf@x=\dimen144
\pgf@y=\dimen145
\pgf@xa=\dimen146
\pgf@ya=\dimen147
\pgf@xb=\dimen148
\pgf@yb=\dimen149
\pgf@xc=\dimen150
\pgf@yc=\dimen151
\c@pgf@counta=\count119
\c@pgf@countb=\count120
\c@pgf@countc=\count121
\c@pgf@countd=\count122
 (/usr/local/share/texmf/tex/latex/pgf-2.00/generic/pgf/systemlayer/pgf.cfg
File: pgf.cfg 2008/01/13  (rcs-revision 1.6)
)
Package pgfsys Info: Driver file for pgf: pgfsys-pdftex.def on input line 885.

(/usr/local/share/texmf/tex/latex/pgf-2.00/generic/pgf/systemlayer/pgfsys-pdfte
x.def
File: pgfsys-pdftex.def 2007/12/20  (rcs-revision 1.20)

(/usr/local/share/texmf/tex/latex/pgf-2.00/generic/pgf/systemlayer/pgfsys-commo
n-pdf.def
File: pgfsys-common-pdf.def 2007/12/17  (rcs-revision 1.8)
)))
(/usr/local/share/texmf/tex/latex/pgf-2.00/generic/pgf/systemlayer/pgfsyssoftpa
th.code.tex
File: pgfsyssoftpath.code.tex 2008/01/23  (rcs-revision 1.6)
\pgfsyssoftpath@smallbuffer@items=\count123
\pgfsyssoftpath@bigbuffer@items=\count124
)
(/usr/local/share/texmf/tex/latex/pgf-2.00/generic/pgf/systemlayer/pgfsysprotoc
ol.code.tex
File: pgfsysprotocol.code.tex 2006/10/16  (rcs-revision 1.4)
)) (/usr/share/texmf/tex/latex/xcolor/xcolor.sty
Package: xcolor 2007/01/21 v2.11 LaTeX color extensions (UK)

(/usr/share/texmf/tex/latex/config/color.cfg
File: color.cfg 2007/01/18 v1.5 color configuration of teTeX/TeXLive
)
Package xcolor Info: Driver file: pdftex.def on input line 225.
LaTeX Info: Redefining \color on input line 702.
Package xcolor Info: Model `cmy' substituted by `cmy0' on input line 1337.
Package xcolor Info: Model `hsb' substituted by `rgb' on input line 1341.
Package xcolor Info: Model `RGB' extended on input line 1353.
Package xcolor Info: Model `HTML' substituted by `rgb' on input line 1355.
Package xcolor Info: Model `Hsb' substituted by `hsb' on input line 1356.
Package xcolor Info: Model `tHsb' substituted by `hsb' on input line 1357.
Package xcolor Info: Model `HSB' substituted by `hsb' on input line 1358.
Package xcolor Info: Model `Gray' substituted by `gray' on input line 1359.
Package xcolor Info: Model `wave' substituted by `hsb' on input line 1360.
)
(/usr/local/share/texmf/tex/latex/pgf-2.00/generic/pgf/basiclayer/pgfcore.code.
tex
Package: pgfcore 2008/01/15 v2.00 (rcs-revision 1.6)

(/usr/local/share/texmf/tex/latex/pgf-2.00/generic/pgf/math/pgfmath.code.tex
(/usr/local/share/texmf/tex/latex/pgf-2.00/generic/pgf/math/pgfmathcalc.code.te
x
(/usr/local/share/texmf/tex/latex/pgf-2.00/generic/pgf/math/pgfmathutil.code.te
x
\pgfmath@box=\box38
)
(/usr/local/share/texmf/tex/latex/pgf-2.00/generic/pgf/math/pgfmathparser.code.
tex
\pgfmath@stack=\toks31
\c@pgfmath@parsecounta=\count125
\c@pgfmath@parsecountb=\count126
\c@pgfmath@parsecountc=\count127
\pgfmath@parsex=\dimen152
)
(/usr/local/share/texmf/tex/latex/pgf-2.00/generic/pgf/math/pgfmathoperations.c
ode.tex
(/usr/local/share/texmf/tex/latex/pgf-2.00/generic/pgf/math/pgfmathtrig.code.te
x)
(/usr/local/share/texmf/tex/latex/pgf-2.00/generic/pgf/math/pgfmathrnd.code.tex
))
(/usr/local/share/texmf/tex/latex/pgf-2.00/generic/pgf/math/pgfmathbase.code.te
x)))
(/usr/local/share/texmf/tex/latex/pgf-2.00/generic/pgf/basiclayer/pgfcorepoints
.code.tex
File: pgfcorepoints.code.tex 2008/02/03  (rcs-revision 1.13)
\pgf@picminx=\dimen153
\pgf@picmaxx=\dimen154
\pgf@picminy=\dimen155
\pgf@picmaxy=\dimen156
\pgf@pathminx=\dimen157
\pgf@pathmaxx=\dimen158
\pgf@pathminy=\dimen159
\pgf@pathmaxy=\dimen160
\pgf@xx=\dimen161
\pgf@xy=\dimen162
\pgf@yx=\dimen163
\pgf@yy=\dimen164
\pgf@zx=\dimen165
\pgf@zy=\dimen166
)
(/usr/local/share/texmf/tex/latex/pgf-2.00/generic/pgf/basiclayer/pgfcorepathco
nstruct.code.tex
File: pgfcorepathconstruct.code.tex 2008/02/13  (rcs-revision 1.14)
\pgf@path@lastx=\dimen167
\pgf@path@lasty=\dimen168
)
(/usr/local/share/texmf/tex/latex/pgf-2.00/generic/pgf/basiclayer/pgfcorepathus
age.code.tex
File: pgfcorepathusage.code.tex 2008/01/23  (rcs-revision 1.11)
\pgf@shorten@end@additional=\dimen169
\pgf@shorten@start@additional=\dimen170
)
(/usr/local/share/texmf/tex/latex/pgf-2.00/generic/pgf/basiclayer/pgfcorescopes
.code.tex
File: pgfcorescopes.code.tex 2008/01/15  (rcs-revision 1.26)
\pgfpic=\box39
\pgf@hbox=\box40
\pgf@layerbox@main=\box41
\pgf@picture@serial@count=\count128
)
(/usr/local/share/texmf/tex/latex/pgf-2.00/generic/pgf/basiclayer/pgfcoregraphi
cstate.code.tex
File: pgfcoregraphicstate.code.tex 2007/12/12  (rcs-revision 1.8)
\pgflinewidth=\dimen171
)
(/usr/local/share/texmf/tex/latex/pgf-2.00/generic/pgf/basiclayer/pgfcoretransf
ormations.code.tex
File: pgfcoretransformations.code.tex 2008/02/04  (rcs-revision 1.10)
\pgf@pt@x=\dimen172
\pgf@pt@y=\dimen173
\pgf@pt@temp=\dimen174
)
(/usr/local/share/texmf/tex/latex/pgf-2.00/generic/pgf/basiclayer/pgfcorequick.
code.tex
File: pgfcorequick.code.tex 2006/10/11  (rcs-revision 1.2)
)
(/usr/local/share/texmf/tex/latex/pgf-2.00/generic/pgf/basiclayer/pgfcoreobject
s.code.tex
File: pgfcoreobjects.code.tex 2006/10/11  (rcs-revision 1.2)
)
(/usr/local/share/texmf/tex/latex/pgf-2.00/generic/pgf/basiclayer/pgfcorepathpr
ocessing.code.tex
File: pgfcorepathprocessing.code.tex 2008/01/23  (rcs-revision 1.7)
)
(/usr/local/share/texmf/tex/latex/pgf-2.00/generic/pgf/basiclayer/pgfcorearrows
.code.tex
File: pgfcorearrows.code.tex 2007/06/07  (rcs-revision 1.8)
)
(/usr/local/share/texmf/tex/latex/pgf-2.00/generic/pgf/basiclayer/pgfcoreshade.
code.tex
File: pgfcoreshade.code.tex 2007/12/10  (rcs-revision 1.9)
\pgf@max=\dimen175
\pgf@sys@shading@range@num=\count129
)
(/usr/local/share/texmf/tex/latex/pgf-2.00/generic/pgf/basiclayer/pgfcoreimage.
code.tex
File: pgfcoreimage.code.tex 2008/01/15  (rcs-revision 1.1)
\pgfexternal@startupbox=\box42
)
(/usr/local/share/texmf/tex/latex/pgf-2.00/generic/pgf/basiclayer/pgfcorelayers
.code.tex
File: pgfcorelayers.code.tex 2008/01/15  (rcs-revision 1.1)
)
(/usr/local/share/texmf/tex/latex/pgf-2.00/generic/pgf/basiclayer/pgfcoretransp
arency.code.tex
File: pgfcoretransparency.code.tex 2008/01/17  (rcs-revision 1.2)
)
(/usr/local/share/texmf/tex/latex/pgf-2.00/generic/pgf/basiclayer/pgfcorepatter
ns.code.tex
File: pgfcorepatterns.code.tex 2008/01/15  (rcs-revision 1.1)
)))
(/usr/local/share/texmf/tex/latex/pgf-2.00/generic/pgf/modules/pgfmoduleshapes.
code.tex
File: pgfmoduleshapes.code.tex 2008/02/13  (rcs-revision 1.4)
\pgfnodeparttextbox=\box43
\toks@savedmacro=\toks32
)
(/usr/local/share/texmf/tex/latex/pgf-2.00/generic/pgf/modules/pgfmoduleplot.co
de.tex
File: pgfmoduleplot.code.tex 2008/01/15  (rcs-revision 1.1)
\pgf@plotwrite=\write5
)
(/usr/local/share/texmf/tex/latex/pgf-2.00/latex/pgf/compatibility/pgfcomp-vers
ion-0-65.sty
Package: pgfcomp-version-0-65 2007/07/03 v2.00 (rcs-revision 1.7)
\pgf@nodesepstart=\dimen176
\pgf@nodesepend=\dimen177
)
(/usr/local/share/texmf/tex/latex/pgf-2.00/latex/pgf/compatibility/pgfcomp-vers
ion-1-18.sty
Package: pgfcomp-version-1-18 2007/07/23 v2.00 (rcs-revision 1.1)
))
(/usr/local/share/texmf/tex/latex/pgf-2.00/latex/pgf/utilities/pgffor.sty
(/usr/local/share/texmf/tex/latex/pgf-2.00/generic/pgf/utilities/pgffor.code.te
x
Package: pgffor 2007/11/07 v2.00 (rcs-revision 1.8)
\pgffor@iter=\dimen178
\pgffor@skip=\dimen179
))
(/usr/local/share/texmf/tex/latex/pgf-2.00/generic/pgf/frontendlayer/tikz/tikz.
code.tex
Package: tikz 2008/02/13 v2.00 (rcs-revision 1.27)

(/usr/local/share/texmf/tex/latex/pgf-2.00/generic/pgf/libraries/pgflibraryplot
handlers.code.tex
File: pgflibraryplothandlers.code.tex 2007/03/09 v2.00 (rcs-revision 1.9)
\pgf@plot@mark@count=\count130
\pgfplotmarksize=\dimen180
)
\tikz@lastx=\dimen181
\tikz@lasty=\dimen182
\tikz@lastxsaved=\dimen183
\tikz@lastysaved=\dimen184
\tikzleveldistance=\dimen185
\tikzsiblingdistance=\dimen186
\tikz@figbox=\box44
\tikz@tempbox=\box45
\tikztreelevel=\count131
\tikznumberofchildren=\count132
\tikznumberofcurrentchild=\count133
\tikz@fig@count=\count134

(/usr/local/share/texmf/tex/latex/pgf-2.00/generic/pgf/modules/pgfmodulematrix.
code.tex
File: pgfmodulematrix.code.tex 2008/01/15  (rcs-revision 1.1)
\pgfmatrixcurrentrow=\count135
\pgfmatrixcurrentcolumn=\count136
\pgf@matrix@numberofcolumns=\count137
)
\tikz@expandcount=\count138

(/usr/local/share/texmf/tex/latex/pgf-2.00/generic/pgf/frontendlayer/tikz/libra
ries/tikzlibrarytopaths.code.tex
File: tikzlibrarytopaths.code.tex 2008/01/09 v2.00 (rcs-revision 1.1)
)))
(/usr/share/texmf/tex/latex/natbib/natbib.sty
Package: natbib 2007/02/05 8.0 (PWD)
\bibhang=\skip62
\bibsep=\skip63
LaTeX Info: Redefining \cite on input line 602.
\c@NAT@ctr=\count139
)
(/usr/local/share/texmf/tex/latex/pgf-2.00/generic/pgf/frontendlayer/tikz/libra
ries/tikzlibraryarrows.code.tex
File: tikzlibraryarrows.code.tex 2008/01/09 v2.00 (rcs-revision 1.1)

(/usr/local/share/texmf/tex/latex/pgf-2.00/generic/pgf/libraries/pgflibraryarro
ws.code.tex
File: pgflibraryarrows.code.tex 2007/06/07 v2.00 (rcs-revision 1.7)
))
(/usr/local/share/texmf/tex/latex/pgf-2.00/generic/pgf/frontendlayer/tikz/libra
ries/tikzlibraryshapes.code.tex
File: tikzlibraryshapes.code.tex 2008/01/09 v2.00 (rcs-revision 1.1)

(/usr/local/share/texmf/tex/latex/pgf-2.00/generic/pgf/frontendlayer/tikz/libra
ries/tikzlibraryshapes.geometric.code.tex
File: tikzlibraryshapes.geometric.code.tex 2008/01/09 v2.00 (rcs-revision 1.1)

(/usr/local/share/texmf/tex/latex/pgf-2.00/generic/pgf/libraries/pgflibraryshap
es.geometric.code.tex
File: pgflibraryshapes.geometric.code.tex 2008/02/01 v2.00 (rcs-revision 1.22)
))
(/usr/local/share/texmf/tex/latex/pgf-2.00/generic/pgf/frontendlayer/tikz/libra
ries/tikzlibraryshapes.misc.code.tex
File: tikzlibraryshapes.misc.code.tex 2008/01/09 v2.00 (rcs-revision 1.1)

(/usr/local/share/texmf/tex/latex/pgf-2.00/generic/pgf/libraries/pgflibraryshap
es.misc.code.tex
File: pgflibraryshapes.misc.code.tex 2008/02/12 v2.00 (rcs-revision 1.10)
))
(/usr/local/share/texmf/tex/latex/pgf-2.00/generic/pgf/frontendlayer/tikz/libra
ries/tikzlibraryshapes.symbols.code.tex
File: tikzlibraryshapes.symbols.code.tex 2008/01/09 v2.00 (rcs-revision 1.1)

(/usr/local/share/texmf/tex/latex/pgf-2.00/generic/pgf/libraries/pgflibraryshap
es.symbols.code.tex
File: pgflibraryshapes.symbols.code.tex 2008/01/30 v2.00 (rcs-revision 1.13)
))
(/usr/local/share/texmf/tex/latex/pgf-2.00/generic/pgf/frontendlayer/tikz/libra
ries/tikzlibraryshapes.arrows.code.tex
File: tikzlibraryshapes.arrows.code.tex 2008/01/09 v2.00 (rcs-revision 1.1)

(/usr/local/share/texmf/tex/latex/pgf-2.00/generic/pgf/libraries/pgflibraryshap
es.arrows.code.tex
File: pgflibraryshapes.arrows.code.tex 2007/11/10 v2.00 (rcs-revision 1.3)
))
(/usr/local/share/texmf/tex/latex/pgf-2.00/generic/pgf/frontendlayer/tikz/libra
ries/tikzlibraryshapes.callouts.code.tex
(/usr/local/share/texmf/tex/latex/pgf-2.00/generic/pgf/libraries/pgflibraryshap
es.callouts.code.tex))
(/usr/local/share/texmf/tex/latex/pgf-2.00/generic/pgf/frontendlayer/tikz/libra
ries/tikzlibraryshapes.multipart.code.tex
File: tikzlibraryshapes.multipart.code.tex 2008/01/09 v2.00 (rcs-revision 1.1)

(/usr/local/share/texmf/tex/latex/pgf-2.00/generic/pgf/libraries/pgflibraryshap
es.multipart.code.tex
File: pgflibraryshapes.multipart.code.tex 2008/01/15 v2.00 (rcs-revision 1.7)
\pgfnodepartlowerbox=\box46
\pgfnodepartsecondbox=\box47
\pgfnodepartthirdbox=\box48
\pgfnodepartfourthbox=\box49
))) (/usr/share/texmf/tex/latex/tools/multicol.sty
Package: multicol 2006/05/18 v1.6g multicolumn formatting (FMi)
\c@tracingmulticols=\count140
\mult@box=\box50
\multicol@leftmargin=\dimen187
\c@unbalance=\count141
\c@collectmore=\count142
\doublecol@number=\count143
\multicoltolerance=\count144
\multicolpretolerance=\count145
\full@width=\dimen188
\page@free=\dimen189
\premulticols=\dimen190
\postmulticols=\dimen191
\multicolsep=\skip64
\multicolbaselineskip=\skip65
\partial@page=\box51
\last@line=\box52
\mult@rightbox=\box53
\mult@grightbox=\box54
\mult@gfirstbox=\box55
\mult@firstbox=\box56
\@tempa=\box57
\@tempa=\box58
\@tempa=\box59
\@tempa=\box60
\@tempa=\box61
\@tempa=\box62
\@tempa=\box63
\@tempa=\box64
\@tempa=\box65
\@tempa=\box66
\@tempa=\box67
\@tempa=\box68
\@tempa=\box69
\@tempa=\box70
\@tempa=\box71
\@tempa=\box72
\@tempa=\box73
\c@columnbadness=\count146
\c@finalcolumnbadness=\count147
\last@try=\dimen192
\multicolovershoot=\dimen193
\multicolundershoot=\dimen194
\mult@nat@firstbox=\box74
\colbreak@box=\box75
)
(./tikz-qtree.sty (./pgftree.sty (./pgfsubpic.sty (./pgfsubpic.tex
\pgf@subpicminx=\dimen195
\pgf@subpicminy=\dimen196
\pgf@subpicmaxx=\dimen197
\pgf@subpicmaxy=\dimen198
))
(./pgftree.tex
\levelsep=\dimen199
\subtreesep=\dimen200
\pgftree@childx=\dimen201
\pgftree@savechildx=\dimen202
\pgftree@childy=\dimen203
\pgftree@savechildy=\dimen204
\pgftree@childi=\count148
\pgftree@savechildi=\count149
\pgf@subpic@hbox@children=\box76
\pgf@subpic@minx@children=\dimen205
\pgf@subpic@miny@children=\dimen206
\pgf@subpic@maxx@children=\dimen207
\pgf@subpic@maxy@children=\dimen208
\pgf@subpic@hbox@child=\box77
\pgf@subpic@minx@child=\dimen209
\pgf@subpic@miny@child=\dimen210
\pgf@subpic@maxx@child=\dimen211
\pgf@subpic@maxy@child=\dimen212
\pgftree@lastchildx=\dimen213
\pgftree@lastchildy=\dimen214
)) (./tikz-qtree.tex
\@result=\toks33
\child@list=\toks34
\root@node=\toks35
))
(/usr/share/texmf/tex/latex/multirow/multirow.sty
\bigstrutjot=\dimen215
)
(/usr/share/texmf/tex/latex/rotating/rotating.sty
Package: rotating 1997/09/26, v2.13 Rotation package
\c@r@tfl@t=\count150
\rot@float@box=\box78
)
\bibdata{mt,more}
(./talk.bbl) (./talk.aux)
\openout1 = `talk.aux'.

LaTeX Font Info:    Checking defaults for OML/cmm/m/it on input line 62.
LaTeX Font Info:    ... okay on input line 62.
LaTeX Font Info:    Checking defaults for T1/cmr/m/n on input line 62.
LaTeX Font Info:    ... okay on input line 62.
LaTeX Font Info:    Checking defaults for OT1/cmr/m/n on input line 62.
LaTeX Font Info:    ... okay on input line 62.
LaTeX Font Info:    Checking defaults for OMS/cmsy/m/n on input line 62.
LaTeX Font Info:    ... okay on input line 62.
LaTeX Font Info:    Checking defaults for OMX/cmex/m/n on input line 62.
LaTeX Font Info:    ... okay on input line 62.
LaTeX Font Info:    Checking defaults for U/cmr/m/n on input line 62.
LaTeX Font Info:    ... okay on input line 62.
 (/usr/share/texmf/tex/context/base/supp-pdf.tex
[Loading MPS to PDF converter (version 2006.09.02).]
\scratchcounter=\count151
\scratchdimen=\dimen216
\scratchbox=\box79
\nofMPsegments=\count152
\nofMParguments=\count153
\MPscratchCnt=\count154
\MPscratchDim=\dimen217
\MPnumerator=\count155
\everyMPtoPDFconversion=\toks36
) ABD: EveryShipout initializing macros
LaTeX Font Info:    Font shape `OT1/fcmss/m/sc' in size <29.86> not available
(Font)              Font shape `OT1/fcmr/m/sc' tried instead on input line 66.
LaTeX Font Info:    Font shape `OT1/fcmss/m/sc' in size <43> not available
(Font)              Font shape `OT1/fcmr/m/sc' tried instead on input line 66.

<univ-edinburgh.pdf, id=4, 359.3425pt x 360.34625pt>
File: univ-edinburgh.pdf Graphic file (type pdf)
 <use univ-edinburgh.pdf>
[0

{/var/lib/texmf/fonts/map/pdftex/updmap/pdftex.map} <./univ-edinburgh.pdf>]
File: univ-edinburgh.pdf Graphic file (type pdf)

<use univ-edinburgh.pdf>
Underfull \hbox (badness 10000) has occurred while \output is active
[][][]
 []

[1] <basics.pdf, id=19, 313.17pt x 182.6825pt>
File: basics.pdf Graphic file (type pdf)
 <use basics.pdf>
File: univ-edinburgh.pdf Graphic file (type pdf)

<use univ-edinburgh.pdf>
Underfull \hbox (badness 10000) has occurred while \output is active
[][][]
 []

[2 <./basics.pdf>]
File: univ-edinburgh.pdf Graphic file (type pdf)
 <use univ-edinburgh.pdf>
Underfull \hbox (badness 10000) has occurred while \output is active
[][][]
 []

[3]
File: univ-edinburgh.pdf Graphic file (type pdf)
 <use univ-edinburgh.pdf>
Underfull \hbox (badness 10000) has occurred while \output is active
[][][]
 []

[4]
File: univ-edinburgh.pdf Graphic file (type pdf)
 <use univ-edinburgh.pdf>
Underfull \hbox (badness 10000) has occurred while \output is active
[][][]
 []

[5]
File: univ-edinburgh.pdf Graphic file (type pdf)
 <use univ-edinburgh.pdf>
Underfull \hbox (badness 10000) has occurred while \output is active
[][][]
 []

[6]
LaTeX Font Info:    Font shape `OT1/fcmss/m/sc' in size <20.74> not available
(Font)              Font shape `OT1/fcmr/m/sc' tried instead on input line 159.

File: univ-edinburgh.pdf Graphic file (type pdf)
 <use univ-edinburgh.pdf>
Underfull \hbox (badness 10000) has occurred while \output is active
[][][]
 []

[7]
LaTeX Font Info:    Try loading font information for OT1+txtt on input line 178
.
 (/usr/share/texmf/tex/latex/txfonts/ot1txtt.fd
File: ot1txtt.fd 2000/12/15 v3.1
)
File: univ-edinburgh.pdf Graphic file (type pdf)
 <use univ-edinburgh.pdf>
Underfull \hbox (badness 10000) has occurred while \output is active
[][][]
 []

[8]
File: univ-edinburgh.pdf Graphic file (type pdf)
 <use univ-edinburgh.pdf>
Underfull \hbox (badness 10000) has occurred while \output is active
[][][]
 []

[9]

! LaTeX Error: There's no line here to end.

See the LaTeX manual or LaTeX Companion for explanation.
Type  H <return>  for immediate help.
 ...                                              
                                                  
l.217 \item[Many others...]  \\ W
                                 orld Trade Organisation, Adobe, Symantec, W...

Your command was ignored.
Type  I <command> <return>  to replace it with another command,
or  <return>  to continue without it.

File: univ-edinburgh.pdf Graphic file (type pdf)
<use univ-edinburgh.pdf>
Underfull \hbox (badness 10000) has occurred while \output is active
[][][]
 []

[10] <phrase-model-alignment.pdf, id=76, 401.5pt x 122.4575pt>
File: phrase-model-alignment.pdf Graphic file (type pdf)

<use phrase-model-alignment.pdf>
File: univ-edinburgh.pdf Graphic file (type pdf)
 <use univ-edinburgh.pdf>
Underfull \hbox (badness 10000) has occurred while \output is active
[][][]
 []

[11 <./phrase-model-alignment.pdf>]
<translation-options.pdf, id=83, 440.64626pt x 188.705pt>
File: translation-options.pdf Graphic file (type pdf)

<use translation-options.pdf>
File: univ-edinburgh.pdf Graphic file (type pdf)
 <use univ-edinburgh.pdf>
Underfull \hbox (badness 10000) has occurred while \output is active
[][][]
 []

[12 <./translation-options.pdf>]
<translation-options-correct.pdf, id=106, 440.64626pt x 188.705pt>
File: translation-options-correct.pdf Graphic file (type pdf)

<use translation-options-correct.pdf>
File: univ-edinburgh.pdf Graphic file (type pdf)
 <use univ-edinburgh.pdf>
Underfull \hbox (badness 10000) has occurred while \output is active
[][][]
 []

[13 <./translation-options-correct.pdf>]
<decoding-step1.pdf, id=128, 439.6425pt x 109.40875pt>
File: decoding-step1.pdf Graphic file (type pdf)

<use decoding-step1.pdf>
File: univ-edinburgh.pdf Graphic file (type pdf)
 <use univ-edinburgh.pdf>
Underfull \hbox (badness 10000) has occurred while \output is active
[][][]
 []

[14 <./decoding-step1.pdf>]
<decoding-step2.pdf, id=145, 439.6425pt x 211.79124pt>
File: decoding-step2.pdf Graphic file (type pdf)

<use decoding-step2.pdf>
File: univ-edinburgh.pdf Graphic file (type pdf)
 <use univ-edinburgh.pdf>
Underfull \hbox (badness 10000) has occurred while \output is active
[][][]
 []

[15 <./decoding-step2.pdf>]
<decoding-step3.pdf, id=162, 439.6425pt x 211.79124pt>
File: decoding-step3.pdf Graphic file (type pdf)

<use decoding-step3.pdf>
File: univ-edinburgh.pdf Graphic file (type pdf)
 <use univ-edinburgh.pdf>
Underfull \hbox (badness 10000) has occurred while \output is active
[][][]
 []

[16 <./decoding-step3.pdf>]
<decoding-step4.pdf, id=184, 439.6425pt x 248.93pt>
File: decoding-step4.pdf Graphic file (type pdf)
 <use decoding-step4.pdf>
File: univ-edinburgh.pdf Graphic file (type pdf)

<use univ-edinburgh.pdf>
Underfull \hbox (badness 10000) has occurred while \output is active
[][][]
 []

[17 <./decoding-step4.pdf>]
<decoding-step5.pdf, id=206, 439.6425pt x 258.9675pt>
File: decoding-step5.pdf Graphic file (type pdf)
 <use decoding-step5.pdf>
File: univ-edinburgh.pdf Graphic file (type pdf)

<use univ-edinburgh.pdf>
Underfull \hbox (badness 10000) has occurred while \output is active
[][][]
 []

[18 <./decoding-step5.pdf>]
<decoding-step6.pdf, id=229, 439.6425pt x 256.96pt>
File: decoding-step6.pdf Graphic file (type pdf)
 <use decoding-step6.pdf>
File: univ-edinburgh.pdf Graphic file (type pdf)

<use univ-edinburgh.pdf>
Underfull \hbox (badness 10000) has occurred while \output is active
[][][]
 []

[19 <./decoding-step6.pdf>]
File: univ-edinburgh.pdf Graphic file (type pdf)
 <use univ-edinburgh.pdf>
Underfull \hbox (badness 10000) has occurred while \output is active
[][][]
 []

[20] <factors.pdf, id=254, 318.18875pt x 196.735pt>
File: factors.pdf Graphic file (type pdf)
 <use factors.pdf>
File: univ-edinburgh.pdf Graphic file (type pdf)

<use univ-edinburgh.pdf>
Underfull \hbox (badness 10000) has occurred while \output is active
[][][]
 []

[21 <./factors.pdf>] <factored-morphgen.pdf, id=276, 314.17375pt x 174.6525pt>
File: factored-morphgen.pdf Graphic file (type pdf)

<use factored-morphgen.pdf>
File: univ-edinburgh.pdf Graphic file (type pdf)
 <use univ-edinburgh.pdf>
Underfull \hbox (badness 10000) has occurred while \output is active
[][][]
 []

[22 <./factored-morphgen.pdf>]
File: univ-edinburgh.pdf Graphic file (type pdf)
 <use univ-edinburgh.pdf>
Underfull \hbox (badness 10000) has occurred while \output is active
[][][]
 []

[23] <chart-parsing0.pdf, id=303, 436.63126pt x 373.395pt>
File: chart-parsing0.pdf Graphic file (type pdf)

<use chart-parsing0.pdf>
File: univ-edinburgh.pdf Graphic file (type pdf)
 <use univ-edinburgh.pdf>
Underfull \hbox (badness 10000) has occurred while \output is active
[][][]
 []

[24 <./chart-parsing0.pdf>]
<chart-parsing1.pdf, id=329, 436.63126pt x 373.395pt>
File: chart-parsing1.pdf Graphic file (type pdf)
 <use chart-parsing1.pdf>
File: univ-edinburgh.pdf Graphic file (type pdf)

<use univ-edinburgh.pdf>
Underfull \hbox (badness 10000) has occurred while \output is active
[][][]
 []

[25 <./chart-parsing1.pdf>]
<chart-parsing2.pdf, id=354, 436.63126pt x 373.395pt>
File: chart-parsing2.pdf Graphic file (type pdf)
 <use chart-parsing2.pdf>
File: univ-edinburgh.pdf Graphic file (type pdf)

<use univ-edinburgh.pdf>
Underfull \hbox (badness 10000) has occurred while \output is active
[][][]
 []

[26 <./chart-parsing2.pdf>]
<chart-parsing3.pdf, id=379, 436.63126pt x 373.395pt>
File: chart-parsing3.pdf Graphic file (type pdf)
 <use chart-parsing3.pdf>
File: univ-edinburgh.pdf Graphic file (type pdf)

<use univ-edinburgh.pdf>
Underfull \hbox (badness 10000) has occurred while \output is active
[][][]
 []

[27 <./chart-parsing3.pdf>]
<chart-parsing4.pdf, id=404, 436.63126pt x 373.395pt>
File: chart-parsing4.pdf Graphic file (type pdf)
 <use chart-parsing4.pdf>
File: univ-edinburgh.pdf Graphic file (type pdf)

<use univ-edinburgh.pdf>
Underfull \hbox (badness 10000) has occurred while \output is active
[][][]
 []

[28 <./chart-parsing4.pdf>]
<chart-parsing5.pdf, id=429, 436.63126pt x 373.395pt>
File: chart-parsing5.pdf Graphic file (type pdf)
 <use chart-parsing5.pdf>
File: univ-edinburgh.pdf Graphic file (type pdf)

<use univ-edinburgh.pdf>
Underfull \hbox (badness 10000) has occurred while \output is active
[][][]
 []

[29 <./chart-parsing5.pdf>]
<chart-parsing.pdf, id=454, 454.69875pt x 393.47pt>
File: chart-parsing.pdf Graphic file (type pdf)
 <use chart-parsing.pdf>
File: univ-edinburgh.pdf Graphic file (type pdf)

<use univ-edinburgh.pdf>
Underfull \hbox (badness 10000) has occurred while \output is active
[][][]
 []

[30 <./chart-parsing.pdf>]
File: univ-edinburgh.pdf Graphic file (type pdf)
 <use univ-edinburgh.pdf>
Underfull \hbox (badness 10000) has occurred while \output is active
[][][]
 []

[31]
File: univ-edinburgh.pdf Graphic file (type pdf)
 <use univ-edinburgh.pdf>
Underfull \hbox (badness 10000) has occurred while \output is active
[][][]
 []

[32]
File: univ-edinburgh.pdf Graphic file (type pdf)
 <use univ-edinburgh.pdf>
Underfull \hbox (badness 10000) has occurred while \output is active
[][][]
 []

[33]
File: univ-edinburgh.pdf Graphic file (type pdf)
 <use univ-edinburgh.pdf>
Underfull \hbox (badness 10000) has occurred while \output is active
[][][]
 []

[34]
File: univ-edinburgh.pdf Graphic file (type pdf)
 <use univ-edinburgh.pdf>
Underfull \hbox (badness 10000) has occurred while \output is active
[][][]
 []

[35]
File: univ-edinburgh.pdf Graphic file (type pdf)
 <use univ-edinburgh.pdf>
Underfull \hbox (badness 10000) has occurred while \output is active
[][][]
 []

[36]
File: univ-edinburgh.pdf Graphic file (type pdf)
 <use univ-edinburgh.pdf>
Underfull \hbox (badness 10000) has occurred while \output is active
[][][]
 []

[37]
File: univ-edinburgh.pdf Graphic file (type pdf)
 <use univ-edinburgh.pdf>
Underfull \hbox (badness 10000) has occurred while \output is active
[][][]
 []

[38]
File: decoding-step5.pdf Graphic file (type pdf)
 <use decoding-step5.pdf>
File: univ-edinburgh.pdf Graphic file (type pdf)
 <use univ-edinburgh.pdf>
Underfull \hbox (badness 10000) has occurred while \output is active
[][][]
 []

[39] <hypothesis-stacks-fw.pdf, id=508, 431.6125pt x 264.99pt>
File: hypothesis-stacks-fw.pdf Graphic file (type pdf)

<use hypothesis-stacks-fw.pdf>
File: univ-edinburgh.pdf Graphic file (type pdf)
 <use univ-edinburgh.pdf>
Underfull \hbox (badness 10000) has occurred while \output is active
[][][]
 []

[40 <./hypothesis-stacks-fw.pdf>]
File: univ-edinburgh.pdf Graphic file (type pdf)
 <use univ-edinburgh.pdf>
Underfull \hbox (badness 10000) has occurred while \output is active
[][][]
 []

[41] <chart-stacks.pdf, id=528, 376.40625pt x 158.5925pt>
File: chart-stacks.pdf Graphic file (type pdf)

<use chart-stacks.pdf>
File: univ-edinburgh.pdf Graphic file (type pdf)
 <use univ-edinburgh.pdf>
Underfull \hbox (badness 10000) has occurred while \output is active
[][][]
 []

[42 <./chart-stacks.pdf>] <quality-vs-speed.pdf, id=542, 397.485pt x 248.93pt>
File: quality-vs-speed.pdf Graphic file (type pdf)

<use quality-vs-speed.pdf>
File: univ-edinburgh.pdf Graphic file (type pdf)
 <use univ-edinburgh.pdf>
Underfull \hbox (badness 10000) has occurred while \output is active
[][][]
 []

[43 <./quality-vs-speed.pdf>]
File: univ-edinburgh.pdf Graphic file (type pdf)
 <use univ-edinburgh.pdf>
Underfull \hbox (badness 10000) has occurred while \output is active
[][][]
 []

[44] <less-memory.pdf, id=562, 379.4175pt x 253.94875pt>
File: less-memory.pdf Graphic file (type pdf)
 <use less-memory.pdf>
File: univ-edinburgh.pdf Graphic file (type pdf)

<use univ-edinburgh.pdf>
Underfull \hbox (badness 10000) has occurred while \output is active
[][][]
 []

[45 <./less-memory.pdf>]
<less-memory-europarl.pdf, id=579, 169.63374pt x 251.94125pt>
File: less-memory-europarl.pdf Graphic file (type pdf)

<use less-memory-europarl.pdf>
File: univ-edinburgh.pdf Graphic file (type pdf)
 <use univ-edinburgh.pdf>
Underfull \hbox (badness 10000) has occurred while \output is active
[][][]
 []

[46 <./less-memory-europarl.pdf>]
File: less-memory-europarl.pdf Graphic file (type pdf)
 <use less-memory-europarl.pdf>
<less-memory-europarl-on-disk.pdf, id=596, 166.6225pt x 59.22125pt>
File: less-memory-europarl-on-disk.pdf Graphic file (type pdf)

<use less-memory-europarl-on-disk.pdf>
File: univ-edinburgh.pdf Graphic file (type pdf)
 <use univ-edinburgh.pdf>
Underfull \hbox (badness 10000) has occurred while \output is active
[][][]
 []

[47 <./less-memory-europarl-on-disk.pdf>]
File: univ-edinburgh.pdf Graphic file (type pdf)
 <use univ-edinburgh.pdf>
Underfull \hbox (badness 10000) has occurred while \output is active
[][][]
 []

[48]
Underfull \hbox (badness 10000) in paragraph at lines 734--735

 []

File: univ-edinburgh.pdf Graphic file (type pdf)
<use univ-edinburgh.pdf>
Underfull \hbox (badness 10000) has occurred while \output is active
[][][]
 []

[49]
File: univ-edinburgh.pdf Graphic file (type pdf)
 <use univ-edinburgh.pdf>
Underfull \hbox (badness 10000) has occurred while \output is active
[][][]
 []

[50]
File: univ-edinburgh.pdf Graphic file (type pdf)
 <use univ-edinburgh.pdf>
Underfull \hbox (badness 10000) has occurred while \output is active
[][][]
 []

[51]
File: univ-edinburgh.pdf Graphic file (type pdf)
 <use univ-edinburgh.pdf>
Underfull \hbox (badness 10000) has occurred while \output is active
[][][]
 []

[52]
Underfull \hbox (badness 10000) in paragraph at lines 842--844

 []


Underfull \hbox (badness 10000) in paragraph at lines 848--850

 []

File: univ-edinburgh.pdf Graphic file (type pdf)
<use univ-edinburgh.pdf>
Underfull \hbox (badness 10000) has occurred while \output is active
[][][]
 []

[53]
Underfull \hbox (badness 10000) in paragraph at lines 866--868

 []

File: univ-edinburgh.pdf Graphic file (type pdf)
<use univ-edinburgh.pdf>
Underfull \hbox (badness 10000) has occurred while \output is active
[][][]
 []

[54]
Underfull \hbox (badness 10000) in paragraph at lines 885--887

 []


Underfull \hbox (badness 10000) in paragraph at lines 891--893

 []

File: univ-edinburgh.pdf Graphic file (type pdf)
<use univ-edinburgh.pdf>
Underfull \hbox (badness 10000) has occurred while \output is active
[][][]
 []

[55]
File: univ-edinburgh.pdf Graphic file (type pdf)
 <use univ-edinburgh.pdf>
Underfull \hbox (badness 10000) has occurred while \output is active
[][][]
 []

[56]
Underfull \hbox (badness 10000) in paragraph at lines 921--923

 []


Underfull \hbox (badness 10000) in paragraph at lines 927--929

 []

File: univ-edinburgh.pdf Graphic file (type pdf)
<use univ-edinburgh.pdf>
Underfull \hbox (badness 10000) has occurred while \output is active
[][][]
 []

[57]
Underfull \hbox (badness 10000) in paragraph at lines 941--943

 []


Underfull \hbox (badness 10000) in paragraph at lines 948--950

 []

File: univ-edinburgh.pdf Graphic file (type pdf)
<use univ-edinburgh.pdf>
Underfull \hbox (badness 10000) has occurred while \output is active
[][][]
 []

[58]
File: univ-edinburgh.pdf Graphic file (type pdf)
 <use univ-edinburgh.pdf>
Underfull \hbox (badness 10000) has occurred while \output is active
[][][]
 []

[59]
File: univ-edinburgh.pdf Graphic file (type pdf)
 <use univ-edinburgh.pdf>
Underfull \hbox (badness 10000) has occurred while \output is active
[][][]
 []

[60]
File: univ-edinburgh.pdf Graphic file (type pdf)
 <use univ-edinburgh.pdf>
Underfull \hbox (badness 10000) has occurred while \output is active
[][][]
 []

[61]
File: univ-edinburgh.pdf Graphic file (type pdf)
 <use univ-edinburgh.pdf>
Underfull \hbox (badness 10000) has occurred while \output is active
[][][]
 []

[62]
File: univ-edinburgh.pdf Graphic file (type pdf)
 <use univ-edinburgh.pdf>
Underfull \hbox (badness 10000) has occurred while \output is active
[][][]
 []

[63]
File: univ-edinburgh.pdf Graphic file (type pdf)
 <use univ-edinburgh.pdf>
Underfull \hbox (badness 10000) has occurred while \output is active
[][][]
 []

[64]
File: univ-edinburgh.pdf Graphic file (type pdf)
 <use univ-edinburgh.pdf>
Underfull \hbox (badness 10000) has occurred while \output is active
[][][]
 []

[65]
File: univ-edinburgh.pdf Graphic file (type pdf)
 <use univ-edinburgh.pdf>
Underfull \hbox (badness 10000) has occurred while \output is active
[][][]
 []

[66] <confusion-network.png, id=676, 751.1262pt x 184.0476pt>
File: confusion-network.png Graphic file (type png)

<use confusion-network.png>
File: univ-edinburgh.pdf Graphic file (type pdf)
 <use univ-edinburgh.pdf>
Underfull \hbox (badness 10000) has occurred while \output is active
[][][]
 []

[67 <./confusion-network.png (PNG copy)>]
<vietnamese.png, id=680, 422.0568pt x 41.4348pt>
File: vietnamese.png Graphic file (type png)
 <use vietnamese.png>
<confusion-network-2.png, id=681, 440.847pt x 224.037pt>
File: confusion-network-2.png Graphic file (type png)

<use confusion-network-2.png>
File: univ-edinburgh.pdf Graphic file (type pdf)
 <use univ-edinburgh.pdf>
Underfull \hbox (badness 10000) has occurred while \output is active
[][][]
 []

[68 <./vietnamese.png (PNG copy)> <./confusion-network-2.png (PNG copy)>]
File: univ-edinburgh.pdf Graphic file (type pdf)

<use univ-edinburgh.pdf>
Underfull \hbox (badness 10000) has occurred while \output is active
[][][]
 []

[69] <chinese-unsegmented.png, id=688, 299.1978pt x 41.4348pt>
File: chinese-unsegmented.png Graphic file (type png)

<use chinese-unsegmented.png>
<chinese-segmented-incorrect.png, id=689, 476.0184pt x 41.4348pt>
File: chinese-segmented-incorrect.png Graphic file (type png)

<use chinese-segmented-incorrect.png>
<chinese-segmented-correct.png, id=690, 436.029pt x 41.4348pt>
File: chinese-segmented-correct.png Graphic file (type png)

<use chinese-segmented-correct.png>
File: univ-edinburgh.pdf Graphic file (type pdf)
 <use univ-edinburgh.pdf>
Underfull \hbox (badness 10000) has occurred while \output is active
[][][]
 []

[70 <./chinese-unsegmented.png (PNG copy)> <./chinese-segmented-incorrect.png (
PNG copy)> <./chinese-segmented-correct.png (PNG copy)>]
<lattice-chinese.png, id=694, 489.9906pt x 77.088pt>
File: lattice-chinese.png Graphic file (type png)
 <use lattice-chinese.png>
File: univ-edinburgh.pdf Graphic file (type pdf)

<use univ-edinburgh.pdf>
Underfull \hbox (badness 10000) has occurred while \output is active
[][][]
 []

[71 <./lattice-chinese.png (PNG copy)>]
<lattice-german.png, id=698, 1156.32pt x 153.57375pt>
File: lattice-german.png Graphic file (type png)
 <use lattice-german.png>
Overfull \hbox (18.29051pt too wide) in paragraph at lines 1274--1275
 [] 
 []

File: univ-edinburgh.pdf Graphic file (type pdf)
<use univ-edinburgh.pdf>
Underfull \hbox (badness 10000) has occurred while \output is active
[][][]
 []

[72 <./lattice-german.png>]
File: univ-edinburgh.pdf Graphic file (type pdf)
 <use univ-edinburgh.pdf>
Underfull \hbox (badness 10000) has occurred while \output is active
[][][]
 []

[73]
File: univ-edinburgh.pdf Graphic file (type pdf)
 <use univ-edinburgh.pdf>
Underfull \hbox (badness 10000) has occurred while \output is active
[][][]
 []

[74]
File: univ-edinburgh.pdf Graphic file (type pdf)
 <use univ-edinburgh.pdf>
Underfull \hbox (badness 10000) has occurred while \output is active
[][][]
 []

[75]
File: univ-edinburgh.pdf Graphic file (type pdf)
 <use univ-edinburgh.pdf>
Underfull \hbox (badness 10000) has occurred while \output is active
[][][]
 []

[76]
Overfull \hbox (22.5715pt too wide) in paragraph at lines 1438--1439
 [][][][][][][] 
 []

File: univ-edinburgh.pdf Graphic file (type pdf)
<use univ-edinburgh.pdf>
Underfull \hbox (badness 10000) has occurred while \output is active
[][][]
 []

[77] <search-graph.png, id=719, 390.7398pt x 145.5036pt>
File: search-graph.png Graphic file (type png)

<use search-graph.png>
File: univ-edinburgh.pdf Graphic file (type pdf)
 <use univ-edinburgh.pdf>
Underfull \hbox (badness 10000) has occurred while \output is active
[][][]
 []

[78 <./search-graph.png (PNG copy)>]
Underfull \hbox (badness 6063) in paragraph at lines 1480--1481
[]\OT1/fcmss/m/n/20.74 Individual words or
 []

<lattice-caitra.png, id=724, 423.5825pt x 336.25626pt>
File: lattice-caitra.png Graphic file (type png)

<use lattice-caitra.png>
Overfull \hbox (27.14941pt too wide) in paragraph at lines 1475--1496
[] 
 []

File: univ-edinburgh.pdf Graphic file (type pdf)
<use univ-edinburgh.pdf>
Underfull \hbox (badness 10000) has occurred while \output is active
[][][]
 []

[79 <./lattice-caitra.png>]
File: univ-edinburgh.pdf Graphic file (type pdf)
 <use univ-edinburgh.pdf>
Underfull \hbox (badness 10000) has occurred while \output is active
[][][]
 []

[80]
File: univ-edinburgh.pdf Graphic file (type pdf)
 <use univ-edinburgh.pdf>
Underfull \hbox (badness 10000) has occurred while \output is active
[][][]
 []

[81] <minimum-bayes-risk.pdf, id=735, 359.3425pt x 151.56625pt>
File: minimum-bayes-risk.pdf Graphic file (type pdf)

<use minimum-bayes-risk.pdf>
File: univ-edinburgh.pdf Graphic file (type pdf)
 <use univ-edinburgh.pdf>
Underfull \hbox (badness 10000) has occurred while \output is active
[][][]
 []

[82 <./minimum-bayes-risk.pdf>]
File: univ-edinburgh.pdf Graphic file (type pdf)
 <use univ-edinburgh.pdf>
Underfull \hbox (badness 10000) has occurred while \output is active
[][][]
 []

[83]
File: univ-edinburgh.pdf Graphic file (type pdf)
 <use univ-edinburgh.pdf>
Underfull \hbox (badness 10000) has occurred while \output is active
[][][]
 []

[84]
File: univ-edinburgh.pdf Graphic file (type pdf)
 <use univ-edinburgh.pdf>
Underfull \hbox (badness 10000) has occurred while \output is active
[][][]
 []

[85]
File: univ-edinburgh.pdf Graphic file (type pdf)
 <use univ-edinburgh.pdf>
Underfull \hbox (badness 10000) has occurred while \output is active
[][][]
 []

[86]
File: univ-edinburgh.pdf Graphic file (type pdf)
 <use univ-edinburgh.pdf>
Underfull \hbox (badness 10000) has occurred while \output is active
[][][]
 []

[87] <tree-xml.png, id=769, 311.1625pt x 169.63374pt>
File: tree-xml.png Graphic file (type png)
 <use tree-xml.png>
File: univ-edinburgh.pdf Graphic file (type pdf)

<use univ-edinburgh.pdf>
Underfull \hbox (badness 10000) has occurred while \output is active
[][][]
 []

[88 <./tree-xml.png>]
Missing character: There is no Ã in font txtt!
Missing character: There is no ¼ in font txtt!

Overfull \hbox (32.45154pt too wide) in paragraph at lines 1799--1800
 [][][][][][] 
 []

File: univ-edinburgh.pdf Graphic file (type pdf)
<use univ-edinburgh.pdf>
Underfull \hbox (badness 10000) has occurred while \output is active
[][][]
 []

[89]
Overfull \hbox (37.4918pt too wide) in paragraph at lines 1820--1821
 [][][][][][] 
 []

File: univ-edinburgh.pdf Graphic file (type pdf)
<use univ-edinburgh.pdf>
Underfull \hbox (badness 10000) has occurred while \output is active
[][][]
 []

[90]
File: univ-edinburgh.pdf Graphic file (type pdf)
 <use univ-edinburgh.pdf>
Underfull \hbox (badness 10000) has occurred while \output is active
[][][]
 []

[91]
File: univ-edinburgh.pdf Graphic file (type pdf)
 <use univ-edinburgh.pdf>
Underfull \hbox (badness 10000) has occurred while \output is active
[][][]
 []

[92]
Missing character: There is no Ã in font txtt!
Missing character: There is no  in font txtt!
File: univ-edinburgh.pdf Graphic file (type pdf)
 <use univ-edinburgh.pdf>
Underfull \hbox (badness 10000) has occurred while \output is active
[][][]
 []

[93]
Underfull \hbox (badness 10000) in paragraph at lines 1923--1924

 []


Underfull \hbox (badness 10000) in paragraph at lines 1931--1932

 []

File: univ-edinburgh.pdf Graphic file (type pdf)
<use univ-edinburgh.pdf>
Underfull \hbox (badness 10000) has occurred while \output is active
[][][]
 []

[94]
File: univ-edinburgh.pdf Graphic file (type pdf)
 <use univ-edinburgh.pdf>
Underfull \hbox (badness 10000) has occurred while \output is active
[][][]
 []

[95]
File: univ-edinburgh.pdf Graphic file (type pdf)
 <use univ-edinburgh.pdf>
Underfull \hbox (badness 10000) has occurred while \output is active
[][][]
 []

[96]
File: univ-edinburgh.pdf Graphic file (type pdf)
 <use univ-edinburgh.pdf>
Underfull \hbox (badness 10000) has occurred while \output is active
[][][]
 []

[97] <ems-agenda-composite.pdf, id=803, 426.59375pt x 294.09875pt>
File: ems-agenda-composite.pdf Graphic file (type pdf)

<use ems-agenda-composite.pdf>
File: univ-edinburgh.pdf Graphic file (type pdf)
 <use univ-edinburgh.pdf>
Underfull \hbox (badness 10000) has occurred while \output is active
[][][]
 []

[98 <./ems-agenda-composite.pdf>]
File: univ-edinburgh.pdf Graphic file (type pdf)
 <use univ-edinburgh.pdf>
Underfull \hbox (badness 10000) has occurred while \output is active
[][][]
 []

[99] <web-interface-experiments.png, id=839, 732.7375pt x 291.0875pt>
File: web-interface-experiments.png Graphic file (type png)

<use web-interface-experiments.png>
Overfull \hbox (32.22887pt too wide) in paragraph at lines 2035--2035
 [] 
 []

File: univ-edinburgh.pdf Graphic file (type pdf)
<use univ-edinburgh.pdf>
Underfull \hbox (badness 10000) has occurred while \output is active
[][][]
 []

[100 <./web-interface-experiments.png>]
<web-interface-runs.png, id=844, 738.76pt x 371.3875pt>
File: web-interface-runs.png Graphic file (type png)

<use web-interface-runs.png>
Overfull \hbox (38.25133pt too wide) in paragraph at lines 2043--2044
 [] 
 []

File: univ-edinburgh.pdf Graphic file (type pdf)
<use univ-edinburgh.pdf>
Underfull \hbox (badness 10000) has occurred while \output is active
[][][]
 []

[101 <./web-interface-runs.png>]
<analysis-stats.png, id=849, 592.2125pt x 156.585pt>
File: analysis-stats.png Graphic file (type png)
 <use analysis-stats.png>
File: univ-edinburgh.pdf Graphic file (type pdf)

<use univ-edinburgh.pdf>
Underfull \hbox (badness 10000) has occurred while \output is active
[][][]
 []

[102 <./analysis-stats.png>]
<analysis-unknown.png, id=855, 738.76pt x 304.13625pt>
File: analysis-unknown.png Graphic file (type png)

<use analysis-unknown.png>
Overfull \hbox (38.25133pt too wide) in paragraph at lines 2067--2068
 [][] 
 []

File: univ-edinburgh.pdf Graphic file (type pdf)
<use univ-edinburgh.pdf>
Underfull \hbox (badness 10000) has occurred while \output is active
[][][]
 []

[103 <./analysis-unknown.png>]
<analysis-bleu.png, id=860, 435.6275pt x 36.135pt>
File: analysis-bleu.png Graphic file (type png)
 <use analysis-bleu.png>
File: univ-edinburgh.pdf Graphic file (type pdf)

<use univ-edinburgh.pdf>
Underfull \hbox (badness 10000) has occurred while \output is active
[][][]
 []

[104 <./analysis-bleu.png>]
<analysis-coverage.png, id=865, 466.74374pt x 76.285pt>
File: analysis-coverage.png Graphic file (type png)

<use analysis-coverage.png>
File: univ-edinburgh.pdf Graphic file (type pdf)
 <use univ-edinburgh.pdf>
Underfull \hbox (badness 10000) has occurred while \output is active
[][][]
 []

[105 <./analysis-coverage.png>]
<biconcor1.png, id=870, 974.64125pt x 209.78375pt>
File: biconcor1.png Graphic file (type png)
 <use biconcor1.png>
Overfull \hbox (30.47229pt too wide) in paragraph at lines 2101--2101
 [] 
 []

<biconcor2.png, id=871, 972.63374pt x 199.74625pt>
File: biconcor2.png Graphic file (type png)
 <use biconcor2.png>
Overfull \hbox (28.96666pt too wide) in paragraph at lines 2102--2102
 [][] 
 []

File: univ-edinburgh.pdf Graphic file (type pdf)
<use univ-edinburgh.pdf>
Underfull \hbox (badness 10000) has occurred while \output is active
[][][]
 []

[106 <./biconcor1.png> <./biconcor2.png>]
<analysis-alignment.png, id=877, 367.3725pt x 33.12375pt>
File: analysis-alignment.png Graphic file (type png)

<use analysis-alignment.png>
File: univ-edinburgh.pdf Graphic file (type pdf)
 <use univ-edinburgh.pdf>
Underfull \hbox (badness 10000) has occurred while \output is active
[][][]
 []

[107 <./analysis-alignment.png>]
<analysis-tree-alignment.png, id=882, 608.2725pt x 102.3825pt>
File: analysis-tree-alignment.png Graphic file (type png)

<use analysis-tree-alignment.png>
Overfull \hbox (29.41652pt too wide) in paragraph at lines 2121--2121
 [] 
 []

File: univ-edinburgh.pdf Graphic file (type pdf)
<use univ-edinburgh.pdf>
Underfull \hbox (badness 10000) has occurred while \output is active
[][][]
 []

[108 <./analysis-tree-alignment.png>]
<analysis-comparison.png, id=888, 736.7525pt x 241.90375pt>
File: analysis-comparison.png Graphic file (type png)

<use analysis-comparison.png>
Overfull \hbox (36.24385pt too wide) in paragraph at lines 2131--2131
 [] 
 []

File: univ-edinburgh.pdf Graphic file (type pdf)
<use univ-edinburgh.pdf>
Underfull \hbox (badness 10000) has occurred while \output is active
[][][]
 []

[109 <./analysis-comparison.png>]
File: univ-edinburgh.pdf Graphic file (type pdf)
 <use univ-edinburgh.pdf>
<charles.png, id=893, 1422.31375pt x 1411.2725pt>
File: charles.png Graphic file (type png)
 <use charles.png>
<fbk.png, id=894, 192.72pt x 79.29625pt>
File: fbk.png Graphic file (type png)
 <use fbk.png>
<maryland.png, id=895, 438.63875pt x 103.38625pt>
File: maryland.png Graphic file (type png)
 <use maryland.png>
<mit.png, id=896, 58.2175pt x 32.12pt>
File: mit.png Graphic file (type png)
 <use mit.png>
<aachen.png, id=897, 250.9375pt x 44.165pt>
File: aachen.png Graphic file (type png)
 <use aachen.png>
File: univ-edinburgh.pdf Graphic file (type pdf)

<use univ-edinburgh.pdf>
Underfull \hbox (badness 10000) has occurred while \output is active
[][][]
 []

[110 <./charles.png> <./fbk.png> <./maryland.png> <./mit.png> <./aachen.png>]
Missing character: There is no Ã in font cmr10!
Missing character: There is no ­ in font cmr10!
File: univ-edinburgh.pdf Graphic file (type pdf)

<use univ-edinburgh.pdf>
Underfull \hbox (badness 10000) has occurred while \output is active
[][][]
 []

[111] (./talk.aux)

LaTeX Font Warning: Size substitutions with differences
(Font)              up to 6.05pt have occurred.

 ) 
Here is how much of TeX's memory you used:
 13498 strings out of 256216
 245366 string characters out of 1917072
 338310 words of memory out of 1500000
 16447 multiletter control sequences out of 10000+200000
 15145 words of font info for 56 fonts, out of 1200000 for 2000
 645 hyphenation exceptions out of 8191
 47i,17n,56p,332b,893s stack positions out of 5000i,500n,6000p,200000b,15000s
</usr/share/texmf/fonts/type1/bluesky/cm/cmcsc10.pfb></usr/share/texmf/fonts/
type1/bluesky/cm/cmex10.pfb></usr/share/texmf/fonts/type1/bluesky/cm/cmmi10.pfb
></usr/share/texmf/fonts/type1/bluesky/cm/cmmi7.pfb></usr/share/texmf/fonts/typ
e1/bluesky/cm/cmr10.pfb></usr/share/texmf/fonts/type1/bluesky/cm/cmr7.pfb></usr
/share/texmf/fonts/type1/bluesky/cm/cmss10.pfb></usr/share/texmf/fonts/type1/bl
uesky/cm/cmssbx10.pfb></usr/share/texmf/fonts/type1/bluesky/cm/cmsy10.pfb></usr
/share/texmf/fonts/type1/bluesky/cm/cmsy7.pfb></usr/share/texmf/fonts/type1/pub
lic/txfonts/txtt.pfb>
Output written on talk.pdf (112 pages, 2179375 bytes).
PDF statistics:
 948 PDF objects out of 1000 (max. 8388607)
 0 named destinations out of 1000 (max. 131072)
 288 words of extra memory for PDF output out of 10000 (max. 10000000)

